<?xml version="1.0" encoding="utf-8"?><testsuites><testsuite name="pytest" errors="0" failures="1" skipped="0" tests="3" time="40.274" timestamp="2024-07-11T12:33:16.692888" hostname="DESKTOP-MFPGNL3"><testcase classname="tests.test_00_search" name="test_search_this_website_functionality" time="11.331" /><testcase classname="tests.test_01_nav_visibility" name="test_nav_vis" time="15.222"><failure message="AssertionError: Expected 8 dropdown elements&#10;assert 8 == 9&#10; +  where 8 = len([&lt;selenium.webdriver.remote.webelement.WebElement (session=&quot;cd19f240-a519-40e0-892f-324ba54b08ae&quot;, element=&quot;7506389e-da39-41f6-a999-7c7488f62181&quot;)&gt;, &lt;selenium.webdriver.remote.webelement.WebElement (session=&quot;cd19f240-a519-40e0-892f-324ba54b08ae&quot;, element=&quot;f49b1fde-90d3-418d-a73a-a6fdc05fb5fa&quot;)&gt;, &lt;selenium.webdriver.remote.webelement.WebElement (session=&quot;cd19f240-a519-40e0-892f-324ba54b08ae&quot;, element=&quot;76f2bc33-d230-4fed-898b-e6d15e964809&quot;)&gt;, &lt;selenium.webdriver.remote.webelement.WebElement (session=&quot;cd19f240-a519-40e0-892f-324ba54b08ae&quot;, element=&quot;cd5b71b6-7c24-490e-982f-547600425541&quot;)&gt;, &lt;selenium.webdriver.remote.webelement.WebElement (session=&quot;cd19f240-a519-40e0-892f-324ba54b08ae&quot;, element=&quot;8eac3799-184e-498a-89dc-a31a63002db0&quot;)&gt;, &lt;selenium.webdriver.remote.webelement.WebElement (session=&quot;cd19f240-a519-40e0-892f-324ba54b08ae&quot;, element=&quot;0cb75fb8-8e4d-4fe0-8652-719411d36107&quot;)&gt;, ...])&#10; +    where [&lt;selenium.webdriver.remote.webelement.WebElement (session=&quot;cd19f240-a519-40e0-892f-324ba54b08ae&quot;, element=&quot;7506389e-da39-41f6-a999-7c7488f62181&quot;)&gt;, &lt;selenium.webdriver.remote.webelement.WebElement (session=&quot;cd19f240-a519-40e0-892f-324ba54b08ae&quot;, element=&quot;f49b1fde-90d3-418d-a73a-a6fdc05fb5fa&quot;)&gt;, &lt;selenium.webdriver.remote.webelement.WebElement (session=&quot;cd19f240-a519-40e0-892f-324ba54b08ae&quot;, element=&quot;76f2bc33-d230-4fed-898b-e6d15e964809&quot;)&gt;, &lt;selenium.webdriver.remote.webelement.WebElement (session=&quot;cd19f240-a519-40e0-892f-324ba54b08ae&quot;, element=&quot;cd5b71b6-7c24-490e-982f-547600425541&quot;)&gt;, &lt;selenium.webdriver.remote.webelement.WebElement (session=&quot;cd19f240-a519-40e0-892f-324ba54b08ae&quot;, element=&quot;8eac3799-184e-498a-89dc-a31a63002db0&quot;)&gt;, &lt;selenium.webdriver.remote.webelement.WebElement (session=&quot;cd19f240-a519-40e0-892f-324ba54b08ae&quot;, element=&quot;0cb75fb8-8e4d-4fe0-8652-719411d36107&quot;)&gt;, ...] = &lt;bound method HomePage.get_navigation_services_dropdown_elements of &lt;src.applications.ui.pages.hsl_home_page.HomePage object at 0x0000023198452750&gt;&gt;()&#10; +      where &lt;bound method HomePage.get_navigation_services_dropdown_elements of &lt;src.applications.ui.pages.hsl_home_page.HomePage object at 0x0000023198452750&gt;&gt; = &lt;src.applications.ui.pages.hsl_home_page.HomePage object at 0x0000023198452750&gt;.get_navigation_services_dropdown_elements&#10; +        where &lt;src.applications.ui.pages.hsl_home_page.HomePage object at 0x0000023198452750&gt; = &lt;src.applications.ui.hsl_nyu_ui.HslNyuUI object at 0x0000023194EF3C90&gt;.hsl_home_page">hsl_nyu_ui_app = &lt;src.applications.ui.hsl_nyu_ui.HslNyuUI object at 0x0000023194EF3C90&gt;

    def test_nav_vis(hsl_nyu_ui_app):
        """
        Summary:
          This test case verifies the navigation tab submenu quantity.
    
        Steps:
         1. Navigates to the HSL home page using.
         2. Hover over the navbar button.
    
        Expected result:
        Quantity of dropdown elements is as expected.
        """
    
        hsl_nyu_ui_app.hsl_home_page.navigate_to()
    
        hsl_nyu_ui_app.hsl_home_page.show_mega_menu_services_dropdown()
    
&gt;       assert (
            len(hsl_nyu_ui_app.hsl_home_page.get_navigation_services_dropdown_elements())
            == 9
        ), "Expected 8 dropdown elements"
E       AssertionError: Expected 8 dropdown elements
E       assert 8 == 9
E        +  where 8 = len([&lt;selenium.webdriver.remote.webelement.WebElement (session="cd19f240-a519-40e0-892f-324ba54b08ae", element="7506389e-da39-41f6-a999-7c7488f62181")&gt;, &lt;selenium.webdriver.remote.webelement.WebElement (session="cd19f240-a519-40e0-892f-324ba54b08ae", element="f49b1fde-90d3-418d-a73a-a6fdc05fb5fa")&gt;, &lt;selenium.webdriver.remote.webelement.WebElement (session="cd19f240-a519-40e0-892f-324ba54b08ae", element="76f2bc33-d230-4fed-898b-e6d15e964809")&gt;, &lt;selenium.webdriver.remote.webelement.WebElement (session="cd19f240-a519-40e0-892f-324ba54b08ae", element="cd5b71b6-7c24-490e-982f-547600425541")&gt;, &lt;selenium.webdriver.remote.webelement.WebElement (session="cd19f240-a519-40e0-892f-324ba54b08ae", element="8eac3799-184e-498a-89dc-a31a63002db0")&gt;, &lt;selenium.webdriver.remote.webelement.WebElement (session="cd19f240-a519-40e0-892f-324ba54b08ae", element="0cb75fb8-8e4d-4fe0-8652-719411d36107")&gt;, ...])
E        +    where [&lt;selenium.webdriver.remote.webelement.WebElement (session="cd19f240-a519-40e0-892f-324ba54b08ae", element="7506389e-da39-41f6-a999-7c7488f62181")&gt;, &lt;selenium.webdriver.remote.webelement.WebElement (session="cd19f240-a519-40e0-892f-324ba54b08ae", element="f49b1fde-90d3-418d-a73a-a6fdc05fb5fa")&gt;, &lt;selenium.webdriver.remote.webelement.WebElement (session="cd19f240-a519-40e0-892f-324ba54b08ae", element="76f2bc33-d230-4fed-898b-e6d15e964809")&gt;, &lt;selenium.webdriver.remote.webelement.WebElement (session="cd19f240-a519-40e0-892f-324ba54b08ae", element="cd5b71b6-7c24-490e-982f-547600425541")&gt;, &lt;selenium.webdriver.remote.webelement.WebElement (session="cd19f240-a519-40e0-892f-324ba54b08ae", element="8eac3799-184e-498a-89dc-a31a63002db0")&gt;, &lt;selenium.webdriver.remote.webelement.WebElement (session="cd19f240-a519-40e0-892f-324ba54b08ae", element="0cb75fb8-8e4d-4fe0-8652-719411d36107")&gt;, ...] = &lt;bound method HomePage.get_navigation_services_dropdown_elements of &lt;src.applications.ui.pages.hsl_home_page.HomePage object at 0x0000023198452750&gt;&gt;()
E        +      where &lt;bound method HomePage.get_navigation_services_dropdown_elements of &lt;src.applications.ui.pages.hsl_home_page.HomePage object at 0x0000023198452750&gt;&gt; = &lt;src.applications.ui.pages.hsl_home_page.HomePage object at 0x0000023198452750&gt;.get_navigation_services_dropdown_elements
E        +        where &lt;src.applications.ui.pages.hsl_home_page.HomePage object at 0x0000023198452750&gt; = &lt;src.applications.ui.hsl_nyu_ui.HslNyuUI object at 0x0000023194EF3C90&gt;.hsl_home_page

tests\test_01_nav_visibility.py:18: AssertionError</failure></testcase><testcase classname="tests.test_02_nav_content" name="test_nav_content" time="11.570" /></testsuite></testsuites>