<?xml version="1.0" encoding="utf-8"?><testsuites><testsuite name="pytest" errors="0" failures="0" skipped="0" tests="3" time="42.260" timestamp="2024-07-11T13:33:53.471239" hostname="DESKTOP-MFPGNL3"><testcase classname="tests.test_00_search" name="test_search_this_website_functionality" time="17.421" /><testcase classname="tests.test_01_nav_visibility" name="test_nav_vis" time="11.302" /><testcase classname="tests.test_02_nav_content" name="test_nav_content" time="13.506" /></testsuite></testsuites>