<?xml version="1.0" encoding="utf-8"?><testsuites><testsuite name="pytest" errors="0" failures="0" skipped="0" tests="3" time="33.880" timestamp="2024-07-09T13:14:07.105918" hostname="DESKTOP-MFPGNL3"><testcase classname="tests.test_00_search" name="test_search_this_website_functionality" time="11.931" /><testcase classname="tests.test_01_nav_visibility" name="test_nav_vis" time="10.767" /><testcase classname="tests.test_02_nav_content" name="test_nav_content" time="11.149" /></testsuite></testsuites>
